[debug] [2022-10-13T13:42:48.216Z] ----------------------------------------------------------------------
[debug] [2022-10-13T13:42:48.218Z] Command:       C:\Program Files\nodejs\node.exe C:\Users\prath\AppData\Roaming\npm\node_modules\firebase-tools\lib\bin\firebase.js init
[debug] [2022-10-13T13:42:48.219Z] CLI Version:   11.14.1
[debug] [2022-10-13T13:42:48.219Z] Platform:      win32
[debug] [2022-10-13T13:42:48.219Z] Node Version:  v16.17.1
[debug] [2022-10-13T13:42:48.220Z] Time:          Thu Oct 13 2022 19:12:48 GMT+0530 (India Standard Time)
[debug] [2022-10-13T13:42:48.220Z] ----------------------------------------------------------------------
[debug] 
[debug] [2022-10-13T13:42:48.299Z] > command requires scopes: ["email","openid","https://www.googleapis.com/auth/cloudplatformprojects.readonly","https://www.googleapis.com/auth/firebase","https://www.googleapis.com/auth/cloud-platform"]
[debug] [2022-10-13T13:42:48.300Z] > authorizing via signed-in user (pratham.m.jaiswal@gmail.com)
[info] 
     ######## #### ########  ######## ########     ###     ######  ########
     ##        ##  ##     ## ##       ##     ##  ##   ##  ##       ##
     ######    ##  ########  ######   ########  #########  ######  ######
     ##        ##  ##    ##  ##       ##     ## ##     ##       ## ##
     ##       #### ##     ## ######## ########  ##     ##  ######  ########

You're about to initialize a Firebase project in this directory:

  D:\Builds Projects\Github folder\netflix-clonee

Before we get started, keep in mind:

  * You are initializing within an existing Firebase project directory

